[2022/08/19 22:33:15][INFO][api  :166 ][01012341234][100003]존재하지 않는 사용자입니다.
[2022/08/19 22:33:15][INFO][api  :252 ][01012341234][100003]존재하지 않는 사용자입니다.
[2022/08/19 22:33:15][INFO][api  :73  ][01012341234][102002]SMS 인증문자 발송에 성공하였습니다.
[2022/08/19 22:33:15][INFO][api  :144 ][01012341234][102003]SMS 문자인증에 성공하였습니다.
[2022/08/19 22:33:15][INFO][api  :190 ][01012341234][101001]로그인에 성공하였습니다.
[2022/08/19 22:33:15][INFO][api  :265 ][01012341234][100000]요청하신 작업이 정상수행 되었습니다.
[2022/08/19 22:33:15][INFO][api  :73  ][01012341234][102002]SMS 인증문자 발송에 성공하였습니다.
[2022/08/19 22:33:15][INFO][api  :144 ][01012341234][102003]SMS 문자인증에 성공하였습니다.
[2022/08/19 22:33:15][INFO][api  :190 ][01012341234][101001]로그인에 성공하였습니다.
[2022/08/19 22:33:16][INFO][api  :184 ][01012341234][101003]이미 로그인되어 있습니다.
[2022/08/19 22:33:16][INFO][api  :73  ][01012341234][102002]SMS 인증문자 발송에 성공하였습니다.
[2022/08/19 22:33:16][INFO][api  :144 ][01012341234][102003]SMS 문자인증에 성공하였습니다.
[2022/08/19 22:33:16][INFO][api  :190 ][01012341234][101001]로그인에 성공하였습니다.
[2022/08/19 22:33:16][INFO][api  :230 ][01012341234][101002]로그아웃에 성공하였습니다.
[2022/08/19 22:33:16][INFO][api  :224 ][01012341234][101004]이미 로그아웃되어 있습니다.
[2022/08/19 22:33:17][INFO][api  :73  ][01012341234][102002]SMS 인증문자 발송에 성공하였습니다.
[2022/08/19 22:33:17][INFO][api  :144 ][01012341234][102003]SMS 문자인증에 성공하였습니다.
[2022/08/19 22:33:17][INFO][api  :172 ][01012341234][100003]패스워드가 잘못 입력되었습니다.
[2022/08/19 22:37:02][INFO][api  :166 ][01012341234][100003]존재하지 않는 사용자입니다.
[2022/08/19 22:37:02][INFO][api  :252 ][01012341234][100003]존재하지 않는 사용자입니다.
[2022/08/19 22:37:02][INFO][api  :73  ][01012341234][102002]SMS 인증문자 발송에 성공하였습니다.
[2022/08/19 22:37:02][INFO][api  :144 ][01012341234][102003]SMS 문자인증에 성공하였습니다.
[2022/08/19 22:37:02][INFO][api  :190 ][01012341234][101001]로그인에 성공하였습니다.
[2022/08/19 22:37:02][INFO][api  :265 ][01012341234][100000]요청하신 작업이 정상수행 되었습니다.
[2022/08/19 22:37:02][INFO][api  :73  ][01012341234][102002]SMS 인증문자 발송에 성공하였습니다.
[2022/08/19 22:37:02][INFO][api  :144 ][01012341234][102003]SMS 문자인증에 성공하였습니다.
[2022/08/19 22:37:03][INFO][api  :190 ][01012341234][101001]로그인에 성공하였습니다.
[2022/08/19 22:37:03][INFO][api  :184 ][01012341234][101003]이미 로그인되어 있습니다.
[2022/08/19 22:37:03][INFO][api  :73  ][01012341234][102002]SMS 인증문자 발송에 성공하였습니다.
[2022/08/19 22:37:03][INFO][api  :144 ][01012341234][102003]SMS 문자인증에 성공하였습니다.
[2022/08/19 22:37:03][INFO][api  :190 ][01012341234][101001]로그인에 성공하였습니다.
[2022/08/19 22:37:03][INFO][api  :230 ][01012341234][101002]로그아웃에 성공하였습니다.
[2022/08/19 22:37:04][INFO][api  :224 ][01012341234][101004]이미 로그아웃되어 있습니다.
[2022/08/19 22:37:04][INFO][api  :73  ][01012341234][102002]SMS 인증문자 발송에 성공하였습니다.
[2022/08/19 22:37:04][INFO][api  :144 ][01012341234][102003]SMS 문자인증에 성공하였습니다.
[2022/08/19 22:37:04][INFO][api  :172 ][01012341234][100003]패스워드가 잘못 입력되었습니다.
